CLI Building entry: {"index":"src/index.ts","core/index":"src/core/index.ts","core/reactivity/index":"src/core/reactivity/index.ts","core/component/index":"src/core/component/index.ts","jsx-runtime":"src/jsx-runtime.ts","jsx-dev-runtime":"src/jsx-dev-runtime.ts","di/index":"src/di/index.ts","router/index":"src/router/index.ts","forms/index":"src/forms/index.ts","control-flow/index":"src/control-flow/index.ts","primitives/index":"src/primitives/index.ts","server/index":"src/server/index.ts","netron/index":"src/netron/index.ts","store/index":"src/store/index.ts"}
CLI Using tsconfig: tsconfig.json
CLI tsup v8.5.0
CLI Using tsup config: /Users/taaliman/projects/omnitron-dev/omni/packages/aether/tsup.config.ts
CLI Target: es2022
CLI Cleaning output folder
ESM Build start
ESM You have emitDecoratorMetadata enabled but @swc/core was not installed, skipping swc plugin
DTS Build start
ESM dist/index.js                     119.99 KB
ESM dist/jsx-runtime.js               4.76 KB
ESM dist/core/reactivity/index.js     82.84 KB
ESM dist/core/index.js                105.82 KB
ESM dist/jsx-dev-runtime.js           5.31 KB
ESM dist/forms/index.js               39.65 KB
ESM dist/core/component/index.js      46.47 KB
ESM dist/router/index.js              98.28 KB
ESM dist/di/index.js                  54.87 KB
ESM dist/control-flow/index.js        54.54 KB
ESM dist/server/index.js              47.57 KB
ESM dist/netron/index.js              127.17 KB
ESM dist/store/index.js               111.93 KB
ESM dist/primitives/index.js          420.39 KB
ESM dist/jsx-runtime.js.map           18.44 KB
ESM dist/index.js.map                 375.28 KB
ESM dist/jsx-dev-runtime.js.map       20.67 KB
ESM dist/core/index.js.map            310.34 KB
ESM dist/router/index.js.map          301.72 KB
ESM dist/forms/index.js.map           117.95 KB
ESM dist/di/index.js.map              136.70 KB
ESM dist/core/reactivity/index.js.map 234.68 KB
ESM dist/core/component/index.js.map  144.95 KB
ESM dist/control-flow/index.js.map    171.09 KB
ESM dist/server/index.js.map          143.97 KB
ESM dist/netron/index.js.map          349.21 KB
ESM dist/store/index.js.map           307.98 KB
ESM dist/primitives/index.js.map      1.25 MB
ESM ⚡️ Build success in 798ms
src/netron/module.ts(6,10): error TS2724: '"../di/types.js"' has no exported member named 'IModule'. Did you mean 'Module'?
src/netron/module.ts(8,10): error TS2305: Module '"@omnitron-dev/netron-browser"' has no exported member 'HttpCacheManager'.
src/netron/module.ts(8,28): error TS2305: Module '"@omnitron-dev/netron-browser"' has no exported member 'HttpRemotePeer'.
src/netron/module.ts(8,44): error TS2305: Module '"@omnitron-dev/netron-browser"' has no exported member 'RetryManager'.

Error: error occurred in dts build
    at Worker.<anonymous> (/Users/taaliman/projects/omnitron-dev/omni/packages/aether/node_modules/tsup/dist/index.js:1545:26)
    at Worker.emit (node:events:519:28)
    at MessagePort.<anonymous> (node:internal/worker:269:53)
    at [nodejs.internal.kHybridDispatch] (node:internal/event_target:827:20)
    at MessagePort.<anonymous> (node:internal/per_context/messageport:23:28)
DTS Build error
